<?xml version="1.0" encoding="UTF-8" ?>
<testsuite errors="1" failures="0" hostname="nmrpc28" name="main.TestMainInput" skipped="0" tests="1" time="0.117" timestamp="2017-11-16T14:06:26">
  <properties>
[...]
</properties>
  <testcase classname="main.TestMainInput" name="initializationError" time="0.009">
    <error message="No runnable methods" type="java.lang.Exception">java.lang.Exception: No runnable methods
	at java.lang.reflect.Constructor.newInstance(Constructor.java:423)
</error>
  </testcase>
  <system-out><![CDATA[]]></system-out>
  <system-err><![CDATA[]]></system-err>
</testsuite>
