<?xml version="1.0" encoding="UTF-8" ?>
<testsuite errors="0" failures="0" hostname="nmrpc28" name="tests.Testcase" skipped="0" tests="1" time="2.678" timestamp="2016-11-17T15:04:20">
  <properties>
[...]
</properties>
  <testcase classname="tests.Testcase" name="VisibleAttributes" time="2.502" />
  <system-out><![CDATA[Config: /opt/dridder_local/Documents/ImageExtractor/ImageExtractor.config
Screen width 3200
Screen height 1080
Gui width = 1100
Gui height = 540
]]></system-out>
  <system-err><![CDATA[]]></system-err>
</testsuite>
