<?xml version="1.0" encoding="UTF-8" ?>
<testsuite errors="0" failures="1" hostname="nmrpc28" name="tests.Testcase" skipped="0" tests="5" time="4.85" timestamp="2017-10-19T13:52:46">
  <properties>
[...]
</properties>
  <testcase classname="tests.Testcase" name="CheckSort" time="0.285" />
  <testcase classname="tests.Testcase" name="Slide2Textfield" time="1.938" />
  <testcase classname="tests.Testcase" name="lettersInNumericField" time="1.294" />
  <testcase classname="tests.Testcase" name="toHighSliceOrEcho" time="1.009">
    <failure message="Slice textfield become to higher maxslice, by inserting 800." type="junit.framework.AssertionFailedError">junit.framework.AssertionFailedError: Slice textfield become to higher maxslice, by inserting 800.
	at tests.Testcase.toHighSliceOrEcho(Testcase.java:279)
</failure>
  </testcase>
  <testcase classname="tests.Testcase" name="VisibleAttributes" time="0.242" />
  <system-out><![CDATA[Scanning output dir for existing files ...
Creating /opt/dridder_local/Datadir/Testcase/Sorted/B0316
Creating /opt/dridder_local/Datadir/Testcase/Sorted/B0316/19_ep2d_fid
Creating /opt/dridder_local/Datadir/Testcase/Sorted/B0316/16_wm_gre_b0
Creating /opt/dridder_local/Datadir/Testcase/Sorted/B0316/15_wm_gre_rx=bc
Creating /opt/dridder_local/Datadir/Testcase/Sorted/B0316/13_wm_gre_rx=pa
Creating /opt/dridder_local/Datadir/Testcase/Sorted/B0316/21_ep2d_fid
Creating /opt/dridder_local/Datadir/Testcase/Sorted/B0316/17_wm_gre_b0
Creating /opt/dridder_local/Datadir/Testcase/Sorted/B0316/24_ep2d_fid
Creating /opt/dridder_local/Datadir/Testcase/Sorted/B0316/25_ep2d_fid
PatientID not found. Using default for sorting: NO_ID
Protocolname not found. Using default for sorting: NO_PROT_NAME
Imagenumber not found. Using default for sorting: 0
InstanceUID not found. Using default for sorting: 1
PatientID not found. Using default for sorting: NO_ID
Seriesnumber not found. Using default for sorting: 1
Echonumber not found. Using default for sorting: 1
Patient name not found. Using default for sorting: No_Name_Found
Creating /opt/dridder_local/Datadir/Testcase/Sorted/No_Name_Found
Creating /opt/dridder_local/Datadir/Testcase/Sorted/No_Name_Found/1_NO_PROT_NAME
I found and sorted 10 Dicoms in 0,244 seconds! I copied 10 of them to the Output directory.Scanning output dir for existing files ...
Recognized duplicate image!
PatientID not found. Using default for sorting: NO_ID
Protocolname not found. Using default for sorting: NO_PROT_NAME
Imagenumber not found. Using default for sorting: 0
InstanceUID not found. Using default for sorting: 1
PatientID not found. Using default for sorting: NO_ID
Seriesnumber not found. Using default for sorting: 1
Echonumber not found. Using default for sorting: 1
Patient name not found. Using default for sorting: No_Name_Found
I found and sorted 10 Dicoms in 0,033 seconds! I copied 0 of them to the Output directory.Config: /opt/dridder_local.ImageExtractorConfig.cfg
Config: /opt/dridder_local.ImageExtractorConfig.cfg
Config: /opt/dridder_local.ImageExtractorConfig.cfg
Config: /opt/dridder_local.ImageExtractorConfig.cfg
]]></system-out>
  <system-err><![CDATA[]]></system-err>
</testsuite>
